[  0%] Creating directories for 'pioasmBuild'
[  0%] Building ASM object pico-sdk/src/rp2040/boot_stage2/CMakeFiles/bs2_default.dir/compile_time_choice.S.o
[  0%] No download step for 'pioasmBuild'
[  0%] Linking ASM executable bs2_default.elf
[  0%] No update step for 'pioasmBuild'
[  0%] Built target bs2_default
[  1%] Generating bs2_default.bin
[  2%] No patch step for 'pioasmBuild'
[  2%] Generating bs2_default_padded_checksummed.S
[  3%] Performing configure step for 'pioasmBuild'
Not searching for unused variables given on the command line.
loading initial cache file /home/huydang/Documents/enviTestNewTech/IOT/rasberry_pi_pico_x/pico/Pico_W_TCP_SERVER_2_i2S/samples/sine_wave_i2s_32b/build/pico-sdk/src/rp2_common/pico_cyw43_driver/pioasm/tmp/pioasmBuild-cache-Release.cmake
[  3%] Building ASM object pico-sdk/src/rp2040/boot_stage2/CMakeFiles/bs2_default_library.dir/bs2_default_padded_checksummed.S.o
[  3%] Built target bs2_default_library
-- The CXX compiler identification is GNU 13.3.0
-- Detecting CXX compiler ABI info
-- Detecting CXX compiler ABI info - done
-- Check for working CXX compiler: /usr/bin/c++ - skipped
-- Detecting CXX compile features
-- Detecting CXX compile features - done
-- Configuring done (0.5s)
-- Generating done (0.0s)
-- Build files have been written to: /home/huydang/Documents/enviTestNewTech/IOT/rasberry_pi_pico_x/pico/Pico_W_TCP_SERVER_2_i2S/samples/sine_wave_i2s_32b/build/pioasm
[  3%] Performing build step for 'pioasmBuild'
[100%] Built target pioasm
[  4%] Performing install step for 'pioasmBuild'
[100%] Built target pioasm
Install the project...
-- Install configuration: "Release"
[  5%] Completed 'pioasmBuild'
[  5%] Built target pioasmBuild
[  6%] Generating cyw43_bus_pio_spi.pio.h
[  6%] Generating audio_i2s.pio.h
[  6%] Built target pico_audio_i2s_32b_audio_i2s_pio_h
[  6%] Built target cyw43_driver_picow_cyw43_bus_pio_spi_pio_h
[  7%] Building CXX object CMakeFiles/sine_wave_i2s_32b.dir/main.cpp.o
[  8%] Building C object CMakeFiles/sine_wave_i2s_32b.dir/home/huydang/Documents/enviTestNewTech/IOT/rasberry_pi_pico_x/pico/pico-sdk/src/rp2_common/pico_lwip/lwip_nosys.c.o
[  8%] Building C object CMakeFiles/sine_wave_i2s_32b.dir/home/huydang/Documents/enviTestNewTech/IOT/rasberry_pi_pico_x/pico/pico-sdk/src/rp2_common/pico_async_context/async_context_base.c.o
[  8%] Building C object CMakeFiles/sine_wave_i2s_32b.dir/home/huydang/Documents/enviTestNewTech/IOT/rasberry_pi_pico_x/pico/pico-sdk/src/rp2040/pico_platform/platform.c.o
[  8%] Building C object CMakeFiles/sine_wave_i2s_32b.dir/home/huydang/Documents/enviTestNewTech/IOT/rasberry_pi_pico_x/pico/pico-sdk/src/rp2_common/pico_platform_common/common.c.o
[  9%] Building C object CMakeFiles/sine_wave_i2s_32b.dir/home/huydang/Documents/enviTestNewTech/IOT/rasberry_pi_pico_x/pico/pico-sdk/src/rp2_common/pico_platform_panic/panic.c.o
[  9%] Building C object CMakeFiles/sine_wave_i2s_32b.dir/home/huydang/Documents/enviTestNewTech/IOT/rasberry_pi_pico_x/pico/pico-sdk/src/rp2_common/pico_rand/rand.c.o
[ 10%] Building C object CMakeFiles/sine_wave_i2s_32b.dir/home/huydang/Documents/enviTestNewTech/IOT/rasberry_pi_pico_x/pico/pico-sdk/src/rp2_common/hardware_clocks/clocks.c.o
[ 10%] Building C object CMakeFiles/sine_wave_i2s_32b.dir/home/huydang/Documents/enviTestNewTech/IOT/rasberry_pi_pico_x/pico/pico-sdk/src/common/hardware_claim/claim.c.o
[ 11%] Building C object CMakeFiles/sine_wave_i2s_32b.dir/home/huydang/Documents/enviTestNewTech/IOT/rasberry_pi_pico_x/pico/pico-sdk/src/rp2_common/hardware_sync/sync.c.o
[ 11%] Building C object CMakeFiles/sine_wave_i2s_32b.dir/home/huydang/Documents/enviTestNewTech/IOT/rasberry_pi_pico_x/pico/pico-sdk/src/rp2_common/hardware_sync_spin_lock/sync_spin_lock.c.o
[ 12%] Building C object CMakeFiles/sine_wave_i2s_32b.dir/home/huydang/Documents/enviTestNewTech/IOT/rasberry_pi_pico_x/pico/pico-sdk/src/rp2_common/hardware_gpio/gpio.c.o
[ 12%] Building C object CMakeFiles/sine_wave_i2s_32b.dir/home/huydang/Documents/enviTestNewTech/IOT/rasberry_pi_pico_x/pico/pico-sdk/src/rp2_common/hardware_irq/irq.c.o
[ 13%] Building ASM object CMakeFiles/sine_wave_i2s_32b.dir/home/huydang/Documents/enviTestNewTech/IOT/rasberry_pi_pico_x/pico/pico-sdk/src/rp2_common/hardware_irq/irq_handler_chain.S.o
[ 13%] Building C object CMakeFiles/sine_wave_i2s_32b.dir/home/huydang/Documents/enviTestNewTech/IOT/rasberry_pi_pico_x/pico/pico-sdk/src/common/pico_sync/sem.c.o
/home/huydang/Documents/enviTestNewTech/IOT/rasberry_pi_pico_x/pico/Pico_W_TCP_SERVER_2_i2S/samples/sine_wave_i2s_32b/main.cpp: In function 'err_t tcp_server_recv(void*, tcp_pcb*, pbuf*, err_t)':
/home/huydang/Documents/enviTestNewTech/IOT/rasberry_pi_pico_x/pico/Pico_W_TCP_SERVER_2_i2S/samples/sine_wave_i2s_32b/main.cpp:320:15: error: 'audio_ringbuf' was not declared in this scope
  320 |     rb_write(&audio_ringbuf, (uint8_t *)p->payload, p->tot_len);
      |               ^~~~~~~~~~~~~
[ 14%] Building C object CMakeFiles/sine_wave_i2s_32b.dir/home/huydang/Documents/enviTestNewTech/IOT/rasberry_pi_pico_x/pico/pico-sdk/src/common/pico_sync/lock_core.c.o
make[2]: *** [CMakeFiles/sine_wave_i2s_32b.dir/build.make:76: CMakeFiles/sine_wave_i2s_32b.dir/main.cpp.o] Error 1
make[2]: *** Waiting for unfinished jobs....
make[1]: *** [CMakeFiles/Makefile2:2189: CMakeFiles/sine_wave_i2s_32b.dir/all] Error 2
make: *** [Makefile:91: all] Error 2
